<?xml version='1.0' encoding='UTF-8'?>
<testsuite hostname="thelio" name="fp3tests" tests="10" errors="0" failures="0" skipped="0" time="0.013" timestamp="2024-05-17T20:23:22">
          <properties>
      <property name="java.specification.version" value="21"/><property name="sun.jnu.encoding" value="UTF-8"/><property name="sun.arch.data.model" value="64"/><property name="java.vendor.url" value="Unknown"/><property name="sun.boot.library.path" value="/usr/lib/jvm/java-21-openjdk-amd64/lib"/><property name="sun.java.command" value="/home/mplaczek/.cache/coursier/arc/https/github.com/sbt/sbt/releases/download/v1.10.0/sbt-1.10.0.zip/sbt/bin/sbt-launch.jar"/><property name="jdk.debug" value="release"/><property name="java.specification.vendor" value="Oracle Corporation"/><property name="java.version.date" value="2024-01-16"/><property name="java.home" value="/usr/lib/jvm/java-21-openjdk-amd64"/><property name="file.separator" value="/"/><property name="java.vm.compressedOopsMode" value="32-bit"/><property name="line.separator" value="
"/><property name="java.vm.specification.vendor" value="Oracle Corporation"/><property name="java.specification.name" value="Java Platform API Specification"/><property name="sun.management.compiler" value="HotSpot 64-Bit Tiered Compilers"/><property name="java.runtime.version" value="21.0.2+13-Ubuntu-122.04.1"/><property name="user.name" value="mplaczek"/><property name="log4j.ignoreTCL" value="true"/><property name="file.encoding" value="UTF-8"/><property name="jnidispatch.path" value="/home/mplaczek/.cache/JNA/temp/jna12200507370597812997.tmp"/><property name="jna.loaded" value="true"/><property name="java.io.tmpdir" value="/tmp"/><property name="java.version" value="21.0.2"/><property name="java.vm.specification.name" value="Java Virtual Machine Specification"/><property name="native.encoding" value="UTF-8"/><property name="java.library.path" value="/usr/java/packages/lib:/usr/lib/x86_64-linux-gnu/jni:/lib/x86_64-linux-gnu:/usr/lib/x86_64-linux-gnu:/usr/lib/jni:/lib:/usr/lib"/><property name="stderr.encoding" value="UTF-8"/><property name="java.vendor" value="Private Build"/><property name="scala.ext.dirs" value="/home/mplaczek/.sbt/1.0/java9-rt-ext-private_build_21_0_2"/><property name="sun.io.unicode.encoding" value="UnicodeLittle"/><property name="java.class.path" value="/home/mplaczek/.cache/coursier/arc/https/github.com/sbt/sbt/releases/download/v1.10.0/sbt-1.10.0.zip/sbt/bin/sbt-launch.jar"/><property name="java.vm.vendor" value="Private Build"/><property name="jline.shutdownhook" value="false"/><property name="user.timezone" value="America/Chicago"/><property name="java.vm.specification.version" value="21"/><property name="os.name" value="Linux"/><property name="sun.java.launcher" value="SUN_STANDARD"/><property name="user.country" value="US"/><property name="sun.cpu.endian" value="little"/><property name="user.home" value="/home/mplaczek"/><property name="user.language" value="en"/><property name="sbt.script" value="/home/mplaczek/.cache/coursier/arc/https/github.com/sbt/sbt/releases/download/v1.10.0/sbt-1.10.0.zip/sbt/bin/sbt"/><property name="sbt.ipcsocket.tmpdir" value="/run/user/1000/.sbt1996e493/ipcsocket"/><property name="swoval.tmpdir" value="/run/user/1000/.sbt1996e493/swoval"/><property name="jline.esc.timeout" value="0"/><property name="stdout.encoding" value="UTF-8"/><property name="path.separator" value=":"/><property name="os.version" value="6.8.0-76060800daily20240311-generic"/><property name="jna.nosys" value="true"/><property name="java.runtime.name" value="OpenJDK Runtime Environment"/><property name="java.vm.name" value="OpenJDK 64-Bit Server VM"/><property name="jna.platform.library.path" value="/usr/lib/x86_64-linux-gnu:/lib/x86_64-linux-gnu:/usr/lib64:/lib64:/usr/lib:/lib:/lib/i386-linux-gnu:/usr/lib/x86_64-linux-gnu/pipewire-0.3/jack:/usr/lib/x86_64-linux-gnu/libfakeroot"/><property name="java.vendor.url.bug" value="Unknown"/><property name="user.dir" value="/home/mplaczek/Documents/Classes/CSC447/Scala/scala-hw"/><property name="os.arch" value="amd64"/><property name="java.vm.info" value="mixed mode, sharing"/><property name="java.vm.version" value="21.0.2+13-Ubuntu-122.04.1"/><property name="java.class.version" value="65.0"/>
    </properties>
          <testcase classname="fp3tests" name="EX01 - member" time="0.008">
                      
                    </testcase><testcase classname="fp3tests" name="EX02 - allEqual" time="0.0">
                      
                    </testcase><testcase classname="fp3tests" name="EX03 - stringLengths" time="0.001">
                      
                    </testcase><testcase classname="fp3tests" name="EX04 - delete1" time="0.001">
                      
                    </testcase><testcase classname="fp3tests" name="EX05 - delete2" time="0.001">
                      
                    </testcase><testcase classname="fp3tests" name="EX06 - delete3" time="0.001">
                      
                    </testcase><testcase classname="fp3tests" name="EX07 - removeDupes1" time="0.0">
                      
                    </testcase><testcase classname="fp3tests" name="EX08 - removeDupes2" time="0.0">
                      
                    </testcase><testcase classname="fp3tests" name="EX09 - splitAt" time="0.001">
                      
                    </testcase><testcase classname="fp3tests" name="EX10 - allDistinct" time="0.0">
                      
                    </testcase>
          <system-out><![CDATA[]]></system-out>
          <system-err><![CDATA[]]></system-err>
        </testsuite>