<?xml version='1.0' encoding='UTF-8'?>
<testsuite hostname="arch-thelio" name="subtypingtests" tests="0" errors="0" failures="0" skipped="0" time="0.0" timestamp="2024-04-17T23:59:05">
          <properties>
      <property name="java.specification.version" value="22"/><property name="sun.jnu.encoding" value="UTF-8"/><property name="sun.arch.data.model" value="64"/><property name="java.vendor.url" value="https://openjdk.org/"/><property name="sun.boot.library.path" value="/usr/lib/jvm/java-22-openjdk/lib"/><property name="sun.java.command" value="/usr/share/sbt/bin/sbt-launch.jar"/><property name="jdk.debug" value="release"/><property name="java.specification.vendor" value="Oracle Corporation"/><property name="java.version.date" value="2024-03-19"/><property name="java.home" value="/usr/lib/jvm/java-22-openjdk"/><property name="file.separator" value="/"/><property name="java.vm.compressedOopsMode" value="32-bit"/><property name="line.separator" value="
"/><property name="java.vm.specification.vendor" value="Oracle Corporation"/><property name="java.specification.name" value="Java Platform API Specification"/><property name="sun.management.compiler" value="HotSpot 64-Bit Tiered Compilers"/><property name="java.runtime.version" value="22"/><property name="user.name" value="mplaczek"/><property name="log4j.ignoreTCL" value="true"/><property name="file.encoding" value="UTF-8"/><property name="jnidispatch.path" value="/home/mplaczek/.cache/JNA/temp/jna14910705785325787899.tmp"/><property name="jna.loaded" value="true"/><property name="java.io.tmpdir" value="/tmp"/><property name="java.version" value="22"/><property name="java.vm.specification.name" value="Java Virtual Machine Specification"/><property name="native.encoding" value="UTF-8"/><property name="java.library.path" value="/usr/java/packages/lib:/usr/lib64:/lib64:/lib:/usr/lib"/><property name="stderr.encoding" value="UTF-8"/><property name="java.vendor" value="N/A"/><property name="scala.ext.dirs" value="/home/mplaczek/.sbt/1.0/java9-rt-ext-n_a_22"/><property name="sun.io.unicode.encoding" value="UnicodeLittle"/><property name="java.class.path" value="/usr/share/sbt/bin/sbt-launch.jar"/><property name="java.vm.vendor" value="Oracle Corporation"/><property name="jline.shutdownhook" value="false"/><property name="user.timezone" value="America/Chicago"/><property name="java.vm.specification.version" value="22"/><property name="os.name" value="Linux"/><property name="sun.java.launcher" value="SUN_STANDARD"/><property name="user.country" value="US"/><property name="sun.cpu.endian" value="little"/><property name="user.home" value="/home/mplaczek"/><property name="user.language" value="en"/><property name="sbt.script" value="/sbin/sbt"/><property name="sbt.ipcsocket.tmpdir" value="/run/user/1000/.sbt1996e493/ipcsocket"/><property name="swoval.tmpdir" value="/run/user/1000/.sbt1996e493/swoval"/><property name="jline.esc.timeout" value="0"/><property name="stdout.encoding" value="UTF-8"/><property name="path.separator" value=":"/><property name="os.version" value="6.8.7-zen1-1-zen"/><property name="jna.nosys" value="true"/><property name="java.runtime.name" value="OpenJDK Runtime Environment"/><property name="java.vm.name" value="OpenJDK 64-Bit Server VM"/><property name="jna.platform.library.path" value="/usr/lib64:/lib64:/usr/lib:/lib:/usr/lib32:/opt/cuda/extras/CUPTI/lib64:/opt/cuda/nvvm/lib64:/opt/cuda/lib64:/usr/lib/libfakeroot"/><property name="java.vendor.url.bug" value="https://bugreport.java.com/bugreport/"/><property name="user.dir" value="/home/mplaczek/Documents/Classes/CSC447/Scala/scala-hw"/><property name="os.arch" value="amd64"/><property name="java.vm.info" value="mixed mode, sharing"/><property name="java.vm.version" value="22"/><property name="java.class.version" value="66.0"/>
    </properties>
          
          <system-out><![CDATA[]]></system-out>
          <system-err><![CDATA[]]></system-err>
        </testsuite>