<?xml version='1.0' encoding='UTF-8'?>
<testsuite hostname="arch-thelio" name="fp1tests" tests="10" errors="0" failures="0" skipped="0" time="0.027" timestamp="2024-04-19T15:17:07">
          <properties>
      <property name="java.specification.version" value="17"/><property name="sun.jnu.encoding" value="UTF-8"/><property name="sun.arch.data.model" value="64"/><property name="java.vendor.url" value="https://openjdk.java.net/"/><property name="sun.boot.library.path" value="/usr/lib/jvm/java-17-openjdk/lib"/><property name="sun.java.command" value="/home/mplaczek/.cache/coursier/arc/https/github.com/sbt/sbt/releases/download/v1.9.9/sbt-1.9.9.zip/sbt/bin/sbt-launch.jar"/><property name="jdk.debug" value="release"/><property name="sun.stderr.encoding" value="UTF-8"/><property name="java.specification.vendor" value="Oracle Corporation"/><property name="java.version.date" value="2024-04-16"/><property name="java.home" value="/usr/lib/jvm/java-17-openjdk"/><property name="file.separator" value="/"/><property name="java.vm.compressedOopsMode" value="32-bit"/><property name="line.separator" value="
"/><property name="sun.stdout.encoding" value="UTF-8"/><property name="java.vm.specification.vendor" value="Oracle Corporation"/><property name="java.specification.name" value="Java Platform API Specification"/><property name="sun.management.compiler" value="HotSpot 64-Bit Tiered Compilers"/><property name="java.runtime.version" value="17.0.11+9"/><property name="user.name" value="mplaczek"/><property name="log4j.ignoreTCL" value="true"/><property name="file.encoding" value="UTF-8"/><property name="jnidispatch.path" value="/home/mplaczek/.cache/JNA/temp/jna6074103570636152298.tmp"/><property name="jna.loaded" value="true"/><property name="java.io.tmpdir" value="/tmp"/><property name="java.version" value="17.0.11"/><property name="java.vm.specification.name" value="Java Virtual Machine Specification"/><property name="native.encoding" value="UTF-8"/><property name="java.library.path" value="/usr/java/packages/lib:/usr/lib64:/lib64:/lib:/usr/lib"/><property name="java.vendor" value="N/A"/><property name="scala.ext.dirs" value="/home/mplaczek/.sbt/1.0/java9-rt-ext-n_a_17_0_11"/><property name="sun.io.unicode.encoding" value="UnicodeLittle"/><property name="java.class.path" value="/home/mplaczek/.cache/coursier/arc/https/github.com/sbt/sbt/releases/download/v1.9.9/sbt-1.9.9.zip/sbt/bin/sbt-launch.jar"/><property name="java.vm.vendor" value="Oracle Corporation"/><property name="jline.shutdownhook" value="false"/><property name="user.timezone" value="America/Chicago"/><property name="java.vm.specification.version" value="17"/><property name="os.name" value="Linux"/><property name="sun.java.launcher" value="SUN_STANDARD"/><property name="user.country" value="US"/><property name="sun.cpu.endian" value="little"/><property name="user.home" value="/home/mplaczek"/><property name="user.language" value="en"/><property name="sbt.script" value="/home/mplaczek/.cache/coursier/arc/https/github.com/sbt/sbt/releases/download/v1.9.9/sbt-1.9.9.zip/sbt/bin/sbt"/><property name="sbt.ipcsocket.tmpdir" value="/run/user/1000/.sbt1996e493/ipcsocket"/><property name="swoval.tmpdir" value="/run/user/1000/.sbt1996e493/swoval"/><property name="jline.esc.timeout" value="0"/><property name="path.separator" value=":"/><property name="os.version" value="6.8.7-zen1-1-zen"/><property name="jna.nosys" value="true"/><property name="java.runtime.name" value="OpenJDK Runtime Environment"/><property name="java.vm.name" value="OpenJDK 64-Bit Server VM"/><property name="jna.platform.library.path" value="/usr/lib64:/lib64:/usr/lib:/lib:/usr/lib32:/opt/cuda/extras/CUPTI/lib64:/opt/cuda/nvvm/lib64:/opt/cuda/lib64:/usr/lib/libfakeroot"/><property name="java.vendor.url.bug" value="https://bugreport.java.com/bugreport/"/><property name="user.dir" value="/home/mplaczek/Documents/Classes/CSC447/Scala/scala-hw"/><property name="os.arch" value="amd64"/><property name="java.vm.info" value="mixed mode, sharing"/><property name="java.vm.version" value="17.0.11+9"/><property name="java.class.version" value="61.0"/>
    </properties>
          <testcase classname="fp1tests" name="EX01 - factTest" time="0.013">
                      
                    </testcase><testcase classname="fp1tests" name="EX02 - fib" time="0.01">
                      
                    </testcase><testcase classname="fp1tests" name="EX03 - sum" time="0.001">
                      
                    </testcase><testcase classname="fp1tests" name="EX04 - sumTail" time="0.0">
                      
                    </testcase><testcase classname="fp1tests" name="EX05 - maxList" time="0.002">
                      
                    </testcase><testcase classname="fp1tests" name="EX06 - maxTailAux" time="0.001">
                      
                    </testcase><testcase classname="fp1tests" name="EX07 - constant5" time="0.0">
                      
                    </testcase><testcase classname="fp1tests" name="EX08 - constant" time="0.0">
                      
                    </testcase><testcase classname="fp1tests" name="EX09 - counter0" time="0.0">
                      
                    </testcase><testcase classname="fp1tests" name="EX10 - counter" time="0.0">
                      
                    </testcase>
          <system-out><![CDATA[]]></system-out>
          <system-err><![CDATA[]]></system-err>
        </testsuite>